2020-07-07 16:43:53	肖申克的救赎	9.7	2066564
2020-07-07 16:43:53	霸王别姬	9.6	1531912
2020-07-07 16:43:53	阿甘正传	9.5	1562088
2020-07-07 16:43:53	这个杀手不太冷	9.4	1753459
2020-07-07 16:43:53	美丽人生	9.5	979904
2020-07-07 16:43:53	泰坦尼克号	9.4	1514742
2020-07-07 16:43:53	千与千寻	9.4	1622475
2020-07-07 16:43:53	辛德勒的名单	9.5	796081
2020-07-07 16:43:53	盗梦空间	9.3	1492803
2020-07-07 16:43:53	忠犬八公的故事	9.4	1038069
2020-07-07 16:43:53	海上钢琴师	9.3	1244647
2020-07-07 16:43:53	楚门的世界	9.3	1116178
2020-07-07 16:43:53	三傻大闹宝莱坞	9.2	1384986
2020-07-07 16:43:53	机器人总动员	9.3	982430
2020-07-07 16:43:53	放牛班的春天	9.3	963439
2020-07-07 16:43:53	星际穿越	9.3	1117186
2020-07-07 16:43:53	大话西游之大圣娶亲	9.2	1095061
2020-07-07 16:43:53	熔炉	9.3	675070
2020-07-07 16:43:53	疯狂动物城	9.2	1309498
2020-07-07 16:43:53	无间道	9.2	893461
2020-07-07 16:43:53	龙猫	9.2	925757
2020-07-07 16:43:53	教父	9.3	676385
2020-07-07 16:43:53	当幸福来敲门	9.1	1106446
2020-07-07 16:43:53	怦然心动	9.1	1290468
2020-07-07 16:43:53	触不可及	9.2	723093
